<?xml version="1.0" encoding="UTF-8"?>
<!-- Generated by org.testng.reporters.JUnitReportReporter -->
<testsuite hostname="DESKTOP-3SNRJKF" failures="0" tests="1" name="Testcases.LoginTest" time="7.476" errors="0" timestamp="2022-08-16T22:34:53 IST" skipped="0">
  <testcase classname="Testcases.LoginTest" name="loginCheck" time="7.476"/>
  <system-out/>
</testsuite> <!-- Testcases.LoginTest -->
