<?xml version="1.0" encoding="UTF-8"?>
<!-- Generated by org.testng.reporters.JUnitReportReporter -->
<testsuite hostname="DESKTOP-3SNRJKF" failures="0" tests="1" name="Testcases.LandingPageTest" time="5.443" errors="0" timestamp="2022-08-16T22:38:11 IST" skipped="0">
  <testcase classname="Testcases.LandingPageTest" name="searchTest" time="5.443"/>
  <system-out/>
</testsuite> <!-- Testcases.LandingPageTest -->
